<?xml version="1.0" encoding="UTF-8"?>
<testsuite xmlns:xsi="http://www.w3.org/2001/XMLSchema-instance" xsi:noNamespaceSchemaLocation="https://maven.apache.org/surefire/maven-surefire-plugin/xsd/surefire-test-report.xsd" name="runner.TestRunner" time="87.99" tests="14" errors="0" skipped="0" failures="0">
  <properties>
[...]
</properties>
  <testcase name="Login with valid credentials #1" classname="Login functionality" time="7.624"/>
  <testcase name="Login with valid credentials #2" classname="Login functionality" time="6.094"/>
  <testcase name="Login with valid credentials #3" classname="Login functionality" time="5.803"/>
  <testcase name="Login with invalid credential" classname="Login functionality" time="5.726"/>
  <testcase name="Login with valid email and invalid password" classname="Login functionality" time="5.637"/>
  <testcase name="Login with invalid email and valid password" classname="Login functionality" time="5.836"/>
  <testcase name="Login without providing any credential" classname="Login functionality" time="5.42"/>
  <testcase name="User creates an account only mandatory fields" classname="Registration functionality" time="7.451"/>
  <testcase name="User creates an account with all  fields" classname="Registration functionality" time="7.257"/>
  <testcase name="User creates a duplicate account" classname="Registration functionality" time="7.467"/>
  <testcase name="User create an account without filling any details" classname="Registration functionality" time="6.478"/>
  <testcase name="User searches for a valid product" classname="Search Functionality" time="4.354"/>
  <testcase name="User searches for an invalid product" classname="Search Functionality" time="4.603"/>
  <testcase name="User searches without any products" classname="Search Functionality" time="3.799"/>
</testsuite>